<?xml version="1.0" encoding="UTF-8"?>
<robot generator="Robot 3.0.2 (Python 3.5.2 on win32)" generated="20180417 20:04:01.350">
<suite id="s1" source="C:\xampp\htdocs\climb_web\test\sprint3\TS004.txt" name="TS004">
<test id="s1-t1" name="testcase1 : registration success">
<kw name="open web climb">
<kw name="Open Browser" library="Selenium2Library">
<doc>Opens a new browser instance to given URL.</doc>
<arguments>
<arg>${URL}</arg>
<arg>${Browser}</arg>
</arguments>
<msg level="INFO" timestamp="20180417 20:04:01.489">Opening browser 'Chrome' to base url 'http://10.199.66.227/SoftEn2018/Sec02_Hedge/registration.php'</msg>
<status starttime="20180417 20:04:01.489" status="PASS" endtime="20180417 20:04:09.725"></status>
</kw>
<status starttime="20180417 20:04:01.488" status="PASS" endtime="20180417 20:04:09.725"></status>
</kw>
<kw name="input fname">
<kw name="Input Text" library="Selenium2Library">
<doc>Types the given `text` into text field identified by `locator`.</doc>
<arguments>
<arg>fname</arg>
<arg>${validFName}</arg>
</arguments>
<msg level="INFO" timestamp="20180417 20:04:09.727">Typing text 'อาทิตย์ ประคำ' into text field 'fname'</msg>
<status starttime="20180417 20:04:09.726" status="PASS" endtime="20180417 20:04:09.853"></status>
</kw>
<status starttime="20180417 20:04:09.726" status="PASS" endtime="20180417 20:04:09.853"></status>
</kw>
<kw name="input validIdenNumber">
<kw name="Input Text" library="Selenium2Library">
<doc>Types the given `text` into text field identified by `locator`.</doc>
<arguments>
<arg>idenNo</arg>
<arg>${validIdenNumber}</arg>
</arguments>
<msg level="INFO" timestamp="20180417 20:04:09.854">Typing text '1103702208302' into text field 'idenNo'</msg>
<status starttime="20180417 20:04:09.853" status="PASS" endtime="20180417 20:04:09.989"></status>
</kw>
<status starttime="20180417 20:04:09.853" status="PASS" endtime="20180417 20:04:09.989"></status>
</kw>
<kw name="input uploadImage">
<kw name="Choose File" library="Selenium2Library">
<doc>Inputs the `file_path` into file input field found by `locator`.</doc>
<arguments>
<arg>imgInp</arg>
<arg>C:/xampp/htdocs/climb_web/img/atisit_iden.jpg</arg>
</arguments>
<status starttime="20180417 20:04:09.990" status="PASS" endtime="20180417 20:04:10.037"></status>
</kw>
<status starttime="20180417 20:04:09.990" status="PASS" endtime="20180417 20:04:10.037"></status>
</kw>
<kw name="input username">
<kw name="Input Text" library="Selenium2Library">
<doc>Types the given `text` into text field identified by `locator`.</doc>
<arguments>
<arg>Username</arg>
<arg>${validUsername}</arg>
</arguments>
<msg level="INFO" timestamp="20180417 20:04:10.039">Typing text 'artit01' into text field 'Username'</msg>
<status starttime="20180417 20:04:10.039" status="PASS" endtime="20180417 20:04:10.138"></status>
</kw>
<status starttime="20180417 20:04:10.038" status="PASS" endtime="20180417 20:04:10.138"></status>
</kw>
<kw name="input pass">
<kw name="Input Text" library="Selenium2Library">
<doc>Types the given `text` into text field identified by `locator`.</doc>
<arguments>
<arg>Password</arg>
<arg>${validPass}</arg>
</arguments>
<msg level="INFO" timestamp="20180417 20:04:10.140">Typing text 'aB_1111111111111' into text field 'Password'</msg>
<status starttime="20180417 20:04:10.140" status="PASS" endtime="20180417 20:04:10.263"></status>
</kw>
<status starttime="20180417 20:04:10.139" status="PASS" endtime="20180417 20:04:10.263"></status>
</kw>
<kw name="input conPass">
<kw name="Input Text" library="Selenium2Library">
<doc>Types the given `text` into text field identified by `locator`.</doc>
<arguments>
<arg>con-Password</arg>
<arg>${validCon_Pass}</arg>
</arguments>
<msg level="INFO" timestamp="20180417 20:04:10.264">Typing text 'aB_1111111111111' into text field 'con-Password'</msg>
<status starttime="20180417 20:04:10.264" status="PASS" endtime="20180417 20:04:10.385"></status>
</kw>
<status starttime="20180417 20:04:10.264" status="PASS" endtime="20180417 20:04:10.386"></status>
</kw>
<kw name="input birthdate">
<kw name="Input Text" library="Selenium2Library">
<doc>Types the given `text` into text field identified by `locator`.</doc>
<arguments>
<arg>birthdate</arg>
<arg>${birthdate}</arg>
</arguments>
<msg level="INFO" timestamp="20180417 20:04:10.387">Typing text '01/02/1995' into text field 'birthdate'</msg>
<status starttime="20180417 20:04:10.386" status="PASS" endtime="20180417 20:04:10.548"></status>
</kw>
<status starttime="20180417 20:04:10.386" status="PASS" endtime="20180417 20:04:10.548"></status>
</kw>
<kw name="input answer1">
<kw name="Input Text" library="Selenium2Library">
<doc>Types the given `text` into text field identified by `locator`.</doc>
<arguments>
<arg>Q1</arg>
<arg>${answer1}</arg>
</arguments>
<msg level="INFO" timestamp="20180417 20:04:10.550">Typing text 'หมา' into text field 'Q1'</msg>
<status starttime="20180417 20:04:10.549" status="PASS" endtime="20180417 20:04:10.618"></status>
</kw>
<status starttime="20180417 20:04:10.549" status="PASS" endtime="20180417 20:04:10.618"></status>
</kw>
<kw name="input answer2">
<kw name="Input Text" library="Selenium2Library">
<doc>Types the given `text` into text field identified by `locator`.</doc>
<arguments>
<arg>Q2</arg>
<arg>${answer2}</arg>
</arguments>
<msg level="INFO" timestamp="20180417 20:04:10.619">Typing text 'แดง' into text field 'Q2'</msg>
<status starttime="20180417 20:04:10.619" status="PASS" endtime="20180417 20:04:10.687"></status>
</kw>
<status starttime="20180417 20:04:10.619" status="PASS" endtime="20180417 20:04:10.687"></status>
</kw>
<kw name="input answer3">
<kw name="Input Text" library="Selenium2Library">
<doc>Types the given `text` into text field identified by `locator`.</doc>
<arguments>
<arg>Q3</arg>
<arg>${answer3}</arg>
</arguments>
<msg level="INFO" timestamp="20180417 20:04:10.688">Typing text 'spiderman' into text field 'Q3'</msg>
<status starttime="20180417 20:04:10.687" status="PASS" endtime="20180417 20:04:10.777"></status>
</kw>
<status starttime="20180417 20:04:10.687" status="PASS" endtime="20180417 20:04:10.777"></status>
</kw>
<kw name="input email">
<kw name="Input Text" library="Selenium2Library">
<doc>Types the given `text` into text field identified by `locator`.</doc>
<arguments>
<arg>email</arg>
<arg>${validEmail}</arg>
</arguments>
<msg level="INFO" timestamp="20180417 20:04:10.778">Typing text 'artit1150@hotmail.com' into text field 'email'</msg>
<status starttime="20180417 20:04:10.778" status="PASS" endtime="20180417 20:04:10.949"></status>
</kw>
<status starttime="20180417 20:04:10.778" status="PASS" endtime="20180417 20:04:10.949"></status>
</kw>
<kw name="Select Checkbox" library="Selenium2Library">
<doc>Selects checkbox identified by `locator`.</doc>
<arguments>
<arg>exampleCheck1</arg>
</arguments>
<msg level="INFO" timestamp="20180417 20:04:10.950">Selecting checkbox 'exampleCheck1'.</msg>
<kw name="Capture Page Screenshot" library="Selenium2Library">
<doc>Takes a screenshot of the current page and embeds it into the log.</doc>
<msg html="yes" level="INFO" timestamp="20180417 20:04:11.303">&lt;/td&gt;&lt;/tr&gt;&lt;tr&gt;&lt;td colspan="3"&gt;&lt;a href="selenium-screenshot-18.png"&gt;&lt;img src="selenium-screenshot-18.png" width="800px"&gt;&lt;/a&gt;</msg>
<status starttime="20180417 20:04:11.010" status="PASS" endtime="20180417 20:04:11.303"></status>
</kw>
<msg level="FAIL" timestamp="20180417 20:04:11.305">WebDriverException: Message: unknown error: Element &lt;input type="checkbox" class="form-check-input" id="exampleCheck1" onchange="doalert(this)"&gt; is not clickable at point (200, 569). Other element would receive the click: &lt;div class="form-check"&gt;...&lt;/div&gt;
  (Session info: chrome=65.0.3325.181)
  (Driver info: chromedriver=2.35.528161 (5b82f2d2aae0ca24b877009200ced9065a772e73),platform=Windows NT 10.0.16299 x86_64)
</msg>
<status starttime="20180417 20:04:10.950" status="FAIL" endtime="20180417 20:04:11.305"></status>
</kw>
<status critical="yes" starttime="20180417 20:04:01.488" status="FAIL" endtime="20180417 20:04:11.306">WebDriverException: Message: unknown error: Element &lt;input type="checkbox" class="form-check-input" id="exampleCheck1" onchange="doalert(this)"&gt; is not clickable at point (200, 569). Other element would receive the click: &lt;div class="form-check"&gt;...&lt;/div&gt;
  (Session info: chrome=65.0.3325.181)
  (Driver info: chromedriver=2.35.528161 (5b82f2d2aae0ca24b877009200ced9065a772e73),platform=Windows NT 10.0.16299 x86_64)
</status>
</test>
<status starttime="20180417 20:04:01.351" status="FAIL" endtime="20180417 20:04:11.307"></status>
</suite>
<statistics>
<total>
<stat pass="0" fail="1">Critical Tests</stat>
<stat pass="0" fail="1">All Tests</stat>
</total>
<tag>
</tag>
<suite>
<stat pass="0" fail="1" name="TS004" id="s1">TS004</stat>
</suite>
</statistics>
<errors>
</errors>
</robot>
